{
"src\\app\\shared\\holidays.util.ts":{"path":"src\\app\\shared\\holidays.util.ts","statementMap":{"1":{"start":{"line":1,"column":0},"end":{"line":1,"column":41}},"2":{"start":{"line":3,"column":0},"end":{"line":3,"column":42}},"3":{"start":{"line":3,"column":34},"end":{"line":3,"column":42}},"4":{"start":{"line":4,"column":2},"end":{"line":7,"column":3}},"5":{"start":{"line":5,"column":22},"end":{"line":5,"column":38}},"6":{"start":{"line":6,"column":4},"end":{"line":6,"column":46}},"7":{"start":{"line":8,"column":0},"end":{"line":8,"column":1}},"8":{"start":{"line":3,"column":13},"end":{"line":3,"column":25}},"9":{"start":{"line":10,"column":13},"end":{"line":10,"column":47}}},"fnMap":{"1":{"name":"(anonymous_5)","line":3,"loc":{"start":{"line":3,"column":0},"end":{"line":3,"column":-1}}},"2":{"name":"HolidaysUtil","line":3,"loc":{"start":{"line":3,"column":0},"end":{"line":8,"column":1}}},"3":{"name":"(anonymous_7)","line":4,"loc":{"start":{"line":4,"column":22},"end":{"line":7,"column":3}}}},"branchMap":{"1":{"line":6,"type":"binary-expr","locations":[{"start":{"line":6,"column":11},"end":{"line":6,"column":26}},{"start":{"line":6,"column":30},"end":{"line":6,"column":45}}]}},"s":{"1":1,"2":1,"3":1,"4":1,"5":9,"6":9,"7":1,"8":1,"9":1},"b":{"1":[9,7]},"f":{"1":1,"2":4,"3":9},"l":{"1":1,"3":1,"4":1,"5":9,"6":9,"8":1,"10":1}}}
